********************************************************************************
PACKAGE-LOG: 2015-02-05 03:33:12
NOTICE: Do NOT post to public sites or forums 
********************************************************************************
VERSION:	0.5.12
WORDPRESS:	4.1
PHP INFO:	5.3.3 | SAPI: cgi-fcgi
SERVER:		Apache 
PHP TIME LIMIT: (0) no time limit imposed 
PHP MAX MEMORY: 5000M (200M default) 
MEMORY STACK: 13.75MB 

********************************************************************************
DATABASE:
********************************************************************************
BUILD MODE:   PHP (query limit - 100)
MYSQLDUMP:    Is Supported
MYSQLTIMEOUT: 5000 
TABLES: total:12 | filtered:0 | create:12 
FILTERED: [] 
SQL CREATED: omomo_54d2e449a39079959150205033225_database.sql 
SQL FILE SIZE: 308.19KB 
SQL FILE TIME: 2015-02-05 03:33:12 
SQL RUNTIME: 0.45 sec. 

******************************************************************************** 
ARCHIVE (ZIP): 
******************************************************************************** 
ARCHIVE DIR:  /home/omosirodouga/omosirodouga.minibird.jp/public_html 
ARCHIVE FILE: omomo_54d2e449a39079959150205033225_archive.zip 
FILTERS: *OFF* 
DIRS:  not set 
EXTS:  not set 
---------------------------------------- 
COMPRESSING 
SIZE:	46.65MB 
STATS:	Dirs 321 | Files 2,103 | Links 0 
SQL ADDED: omomo_54d2e449a39079959150205033225_database.sql 
ZipArchive Object
(
    [status] => 0
    [statusSys] => 0
    [numFiles] => 2424
    [filename] => /home/omosirodouga/omosirodouga.minibird.jp/public_html/wp-snapshots/tmp/omomo_54d2e449a39079959150205033225_archive.zip
    [comment] => 
)
 
COMPRESSION RESULT: '1' 
COMPRESSED SIZE: 26.89MB 
ARCHIVE RUNTIME: 11.63 sec. 
MEMORY STACK: 14.75MB 

******************************************************************************** 
MAKE INSTALLER: 
******************************************************************************** 
Build Start 
Build Finished 
Preping for use 
Template parsed with new data 
Complete [/home/omosirodouga/omosirodouga.minibird.jp/public_html/wp-snapshots/tmp/omomo_54d2e449a39079959150205033225_installer.php] 
Added to archive 

******************************************************************************** 
INTEGRITY CHECKS: 
******************************************************************************** 
SQL File: 308.19KB 
Installer File: 316.89KB 
Archive File: 26.89MB  

********************************************************************************
RECORD ID:[1]
TOTAL PROCESS RUNTIME: 12.41 sec.
PEAK PHP MEMORY USED: 17.25MB
DONE PROCESSING => omomo 2015-02-05 03:33:24
 
